<testsuites id="" name="" tests="1" failures="0" skipped="0" errors="0" time="18.09621499999985">
<testsuite name="usePageObjects.spec.ts" timestamp="2025-03-18T16:06:36.709Z" hostname="chromium" tests="1" failures="0" skipped="0" time="14.361" errors="0">
<testcase name="parametrized methods @smoke" classname="usePageObjects.spec.ts" time="14.361">
</testcase>
</testsuite>
</testsuites>